[debug] [2024-08-12T08:33:57.197Z] ----------------------------------------------------------------------
[debug] [2024-08-12T08:33:57.202Z] Command:       D:\user\deepak\node.exe C:\Users\depak\AppData\Roaming\npm\node_modules\firebase-tools\lib\bin\firebase.js init
[debug] [2024-08-12T08:33:57.203Z] CLI Version:   13.15.0
[debug] [2024-08-12T08:33:57.203Z] Platform:      win32
[debug] [2024-08-12T08:33:57.204Z] Node Version:  v22.4.1
[debug] [2024-08-12T08:33:57.204Z] Time:          Mon Aug 12 2024 14:03:57 GMT+0530 (India Standard Time)
[debug] [2024-08-12T08:33:57.205Z] ----------------------------------------------------------------------
[debug] 
[debug] [2024-08-12T08:33:57.250Z] >>> [apiv2][query] GET https://firebase-public.firebaseio.com/cli.json [none]
[debug] [2024-08-12T08:33:57.362Z] > command requires scopes: ["email","openid","https://www.googleapis.com/auth/cloudplatformprojects.readonly","https://www.googleapis.com/auth/firebase","https://www.googleapis.com/auth/cloud-platform"]
[debug] [2024-08-12T08:33:57.363Z] > authorizing via signed-in user (deepakjhajhria4657@gmail.com)
[info] 
     ######## #### ########  ######## ########     ###     ######  ########
     ##        ##  ##     ## ##       ##     ##  ##   ##  ##       ##
     ######    ##  ########  ######   ########  #########  ######  ######
     ##        ##  ##    ##  ##       ##     ## ##     ##       ## ##
     ##       #### ##     ## ######## ########  ##     ##  ######  ########

You're about to initialize a Firebase project in this directory:

  C:\Users\depak\Desktop\nanospace-practice

[debug] [2024-08-12T08:33:58.836Z] <<< [apiv2][status] GET https://firebase-public.firebaseio.com/cli.json 200
[debug] [2024-08-12T08:33:58.836Z] <<< [apiv2][body] GET https://firebase-public.firebaseio.com/cli.json {"cloudBuildErrorAfter":1594252800000,"cloudBuildWarnAfter":1590019200000,"defaultNode10After":1594252800000,"minVersion":"3.0.5","node8DeploysDisabledAfter":1613390400000,"node8RuntimeDisabledAfter":1615809600000,"node8WarnAfter":1600128000000}
